Traceback (most recent call last):
  File "/opt/anaconda3/envs/jbbook/lib/python3.8/site-packages/jupyter_cache/executors/utils.py", line 58, in single_nb_execution
    executenb(
  File "/opt/anaconda3/envs/jbbook/lib/python3.8/site-packages/nbclient/client.py", line 1305, in execute
    return NotebookClient(nb=nb, resources=resources, km=km, **kwargs).execute()
  File "/opt/anaconda3/envs/jbbook/lib/python3.8/site-packages/jupyter_core/utils/__init__.py", line 165, in wrapped
    return loop.run_until_complete(inner)
  File "/opt/anaconda3/envs/jbbook/lib/python3.8/asyncio/base_events.py", line 616, in run_until_complete
    return future.result()
  File "/opt/anaconda3/envs/jbbook/lib/python3.8/site-packages/nbclient/client.py", line 705, in async_execute
    await self.async_execute_cell(
  File "/opt/anaconda3/envs/jbbook/lib/python3.8/site-packages/nbclient/client.py", line 1058, in async_execute_cell
    await self._check_raise_for_error(cell, cell_index, exec_reply)
  File "/opt/anaconda3/envs/jbbook/lib/python3.8/site-packages/nbclient/client.py", line 914, in _check_raise_for_error
    raise CellExecutionError.from_cell_and_msg(cell, exec_reply_content)
nbclient.exceptions.CellExecutionError: An error occurred while executing the following cell:
------------------
import networkx as nx, numpy as np

num_states = 6
transition_P = np.array([[0.2,0.4,0.4,  0,  0,  0],
                         [0.6,  0,  0,0.4,  0,  0],
                         [0.4,  0,0.4,  0,0.2,  0],
                         [  0,0.2,0.2,0.3,0.1,0.2],
                         [  0,  0,0.3,0.4,0.3,  0],
                         [  0,  0,  0,0.6,  0,0.4]])

def draw_transition_graph(P):
    # construct a directed graph directly from the matrix
    graph = nx.DiGraph(P)        
    # draw it in such a way that edges in both directions are visible and have appropriate width
    nx.draw_networkx(graph,connectionstyle='arc3, rad = 0.15',width=[6*P[u,v] for u,v in graph.edges()])
    
draw_transition_graph(transition_P)
------------------


[0;31m---------------------------------------------------------------------------[0m
[0;31mModuleNotFoundError[0m                       Traceback (most recent call last)
Cell [0;32mIn[1], line 1[0m
[0;32m----> 1[0m [38;5;28;01mimport[39;00m [38;5;21;01mnetworkx[39;00m [38;5;28;01mas[39;00m [38;5;21;01mnx[39;00m[38;5;241m,[39m [38;5;21;01mnumpy[39;00m [38;5;28;01mas[39;00m [38;5;21;01mnp[39;00m
[1;32m      3[0m num_states [38;5;241m=[39m [38;5;241m6[39m
[1;32m      4[0m transition_P [38;5;241m=[39m np[38;5;241m.[39marray([[[38;5;241m0.2[39m,[38;5;241m0.4[39m,[38;5;241m0.4[39m,  [38;5;241m0[39m,  [38;5;241m0[39m,  [38;5;241m0[39m],
[1;32m      5[0m                          [[38;5;241m0.6[39m,  [38;5;241m0[39m,  [38;5;241m0[39m,[38;5;241m0.4[39m,  [38;5;241m0[39m,  [38;5;241m0[39m],
[1;32m      6[0m                          [[38;5;241m0.4[39m,  [38;5;241m0[39m,[38;5;241m0.4[39m,  [38;5;241m0[39m,[38;5;241m0.2[39m,  [38;5;241m0[39m],
[1;32m      7[0m                          [  [38;5;241m0[39m,[38;5;241m0.2[39m,[38;5;241m0.2[39m,[38;5;241m0.3[39m,[38;5;241m0.1[39m,[38;5;241m0.2[39m],
[1;32m      8[0m                          [  [38;5;241m0[39m,  [38;5;241m0[39m,[38;5;241m0.3[39m,[38;5;241m0.4[39m,[38;5;241m0.3[39m,  [38;5;241m0[39m],
[1;32m      9[0m                          [  [38;5;241m0[39m,  [38;5;241m0[39m,  [38;5;241m0[39m,[38;5;241m0.6[39m,  [38;5;241m0[39m,[38;5;241m0.4[39m]])

[0;31mModuleNotFoundError[0m: No module named 'networkx'

